The target system is: Generic -  - arm
The host system is: Windows - 6.2 - AMD64
Determining if files stdatomic.h exist passed with the following output:
Change Dir: E:/PhD_project/vivado_prjs/davisZynq/davisZynq_Basic_System/davisZynq_Basic_System.sdk/zynqDavis_bsp/ps7_cortexa9_0/libsrc/openamp_v1_5/build_openamp/CMakeFiles/CMakeTmp

Run Build Command:"D:/Xilinx/SDK/2018.1/gnuwin/bin/make.exe" "cmTC_374b1/fast"
D:/Xilinx/SDK/2018.1/gnuwin/bin/make.exe -f CMakeFiles/cmTC_374b1.dir/build.make CMakeFiles/cmTC_374b1.dir/build
make.exe[1]: Entering directory `E:/PhD_project/vivado_prjs/davisZynq/davisZynq_Basic_System/davisZynq_Basic_System.sdk/zynqDavis_bsp/ps7_cortexa9_0/libsrc/openamp_v1_5/build_openamp/CMakeFiles/CMakeTmp'
Building C object CMakeFiles/cmTC_374b1.dir/CheckIncludeFiles.c.obj
D:/Xilinx/SDK/2018.1/gnu/aarch32/nt/gcc-arm-none-eabi/bin/arm-none-eabi-gcc.exe   -O2 -c -mcpu=cortex-a9 -mfpu=vfpv3 -mfloat-abi=hard -nostartfiles -g -Wall -Wextra -DUNDEFINE_FILE_OPS -IE:/PhD_project/vivado_prjs/davisZynq/davisZynq_Basic_System/davisZynq_Basic_System.sdk/zynqDavis_bsp/ps7_cortexa9_0/include -Wall -Wextra -c   -o CMakeFiles/cmTC_374b1.dir/CheckIncludeFiles.c.obj   -c E:/PhD_project/vivado_prjs/davisZynq/davisZynq_Basic_System/davisZynq_Basic_System.sdk/zynqDavis_bsp/ps7_cortexa9_0/libsrc/openamp_v1_5/build_openamp/CMakeFiles/CMakeTmp/CheckIncludeFiles.c
Linking C executable cmTC_374b1
D:/Xilinx/SDK/2018.1/gnu/aarch32/nt/gcc-arm-none-eabi/bin/arm-none-eabi-gcc.exe  -O2 -c -mcpu=cortex-a9 -mfpu=vfpv3 -mfloat-abi=hard -nostartfiles -g -Wall -Wextra -DUNDEFINE_FILE_OPS -IE:/PhD_project/vivado_prjs/davisZynq/davisZynq_Basic_System/davisZynq_Basic_System.sdk/zynqDavis_bsp/ps7_cortexa9_0/include -Wall -Wextra -c    "CMakeFiles/cmTC_374b1.dir/CheckIncludeFiles.c.obj"   -o cmTC_374b1  
arm-none-eabi-gcc.exe: warning: CMakeFiles/cmTC_374b1.dir/CheckIncludeFiles.c.obj: linker input file unused because linking not done
make.exe[1]: Leaving directory `E:/PhD_project/vivado_prjs/davisZynq/davisZynq_Basic_System/davisZynq_Basic_System.sdk/zynqDavis_bsp/ps7_cortexa9_0/libsrc/openamp_v1_5/build_openamp/CMakeFiles/CMakeTmp'


Determining if files fcntl.h exist passed with the following output:
Change Dir: E:/PhD_project/vivado_prjs/davisZynq/davisZynq_Basic_System/davisZynq_Basic_System.sdk/zynqDavis_bsp/ps7_cortexa9_0/libsrc/openamp_v1_5/build_openamp/CMakeFiles/CMakeTmp

Run Build Command:"D:/Xilinx/SDK/2018.1/gnuwin/bin/make.exe" "cmTC_9d09e/fast"
D:/Xilinx/SDK/2018.1/gnuwin/bin/make.exe -f CMakeFiles/cmTC_9d09e.dir/build.make CMakeFiles/cmTC_9d09e.dir/build
make.exe[1]: Entering directory `E:/PhD_project/vivado_prjs/davisZynq/davisZynq_Basic_System/davisZynq_Basic_System.sdk/zynqDavis_bsp/ps7_cortexa9_0/libsrc/openamp_v1_5/build_openamp/CMakeFiles/CMakeTmp'
Building C object CMakeFiles/cmTC_9d09e.dir/CheckIncludeFiles.c.obj
D:/Xilinx/SDK/2018.1/gnu/aarch32/nt/gcc-arm-none-eabi/bin/arm-none-eabi-gcc.exe   -O2 -c -mcpu=cortex-a9 -mfpu=vfpv3 -mfloat-abi=hard -nostartfiles -g -Wall -Wextra -DUNDEFINE_FILE_OPS -IE:/PhD_project/vivado_prjs/davisZynq/davisZynq_Basic_System/davisZynq_Basic_System.sdk/zynqDavis_bsp/ps7_cortexa9_0/include -Wall -Wextra -c   -o CMakeFiles/cmTC_9d09e.dir/CheckIncludeFiles.c.obj   -c E:/PhD_project/vivado_prjs/davisZynq/davisZynq_Basic_System/davisZynq_Basic_System.sdk/zynqDavis_bsp/ps7_cortexa9_0/libsrc/openamp_v1_5/build_openamp/CMakeFiles/CMakeTmp/CheckIncludeFiles.c
Linking C executable cmTC_9d09e
D:/Xilinx/SDK/2018.1/gnu/aarch32/nt/gcc-arm-none-eabi/bin/arm-none-eabi-gcc.exe  -O2 -c -mcpu=cortex-a9 -mfpu=vfpv3 -mfloat-abi=hard -nostartfiles -g -Wall -Wextra -DUNDEFINE_FILE_OPS -IE:/PhD_project/vivado_prjs/davisZynq/davisZynq_Basic_System/davisZynq_Basic_System.sdk/zynqDavis_bsp/ps7_cortexa9_0/include -Wall -Wextra -c    "CMakeFiles/cmTC_9d09e.dir/CheckIncludeFiles.c.obj"   -o cmTC_9d09e  
arm-none-eabi-gcc.exe: warning: CMakeFiles/cmTC_9d09e.dir/CheckIncludeFiles.c.obj: linker input file unused because linking not done
make.exe[1]: Leaving directory `E:/PhD_project/vivado_prjs/davisZynq/davisZynq_Basic_System/davisZynq_Basic_System.sdk/zynqDavis_bsp/ps7_cortexa9_0/libsrc/openamp_v1_5/build_openamp/CMakeFiles/CMakeTmp'


